2025-10-13 20:04:56,586 - mcc_i18n - INFO - setup_logger:102 - 日志系统初始化完成
2025-10-13 20:04:56,586 - mcc_i18n - INFO - main:43 - 应用程序启动 - Application started
2025-10-13 20:04:57,664 - mcc_i18n - INFO - apply_theme:334 - 主题已切换为: light_teal.xml
2025-10-13 20:04:57,664 - mcc_i18n - INFO - __init__:58 - 主窗口初始化完成
2025-10-13 20:05:36,537 - mcc_i18n - INFO - apply_settings:546 - 设置已应用
2025-10-13 20:05:36,729 - mcc_i18n - INFO - apply_theme:334 - 主题已切换为: light_teal.xml
2025-10-13 20:05:36,729 - mcc_i18n - INFO - on_settings_changed:440 - 设置已更新
2025-10-13 20:05:37,437 - mcc_i18n - INFO - save_settings:526 - 设置已保存
2025-10-13 20:05:37,600 - mcc_i18n - INFO - apply_theme:334 - 主题已切换为: light_teal.xml
2025-10-13 20:05:37,601 - mcc_i18n - INFO - on_settings_changed:440 - 设置已更新
2025-10-13 20:05:53,098 - mcc_i18n - INFO - on_world_selected:366 - 已选择世界: D:/PCL2/.minecraft/versions/1.21.9-原版生存整合/saves/100X Minecraft - by nooba
2025-10-13 20:05:53,101 - mcc_i18n - INFO - proceed_to_scan:273 - 选择世界完成: D:/PCL2/.minecraft/versions/1.21.9-原版生存整合/saves/100X Minecraft - by nooba
2025-10-13 20:05:58,478 - mcc_i18n - INFO - on_world_selected:366 - 已选择世界: D:/PCL2/.minecraft/versions/1.21.9-原版生存整合/saves/100X Minecraft - by nooba
2025-10-13 20:05:58,480 - mcc_i18n - INFO - proceed_to_scan:273 - 选择世界完成: D:/PCL2/.minecraft/versions/1.21.9-原版生存整合/saves/100X Minecraft - by nooba
2025-10-13 20:06:09,886 - mcc_i18n - INFO - on_world_selected:366 - 已选择世界: D:/PCL2/.minecraft/versions/1.21.9-原版生存整合/saves/100X Minecraft - by nooba
2025-10-13 20:06:09,888 - mcc_i18n - INFO - proceed_to_scan:273 - 选择世界完成: D:/PCL2/.minecraft/versions/1.21.9-原版生存整合/saves/100X Minecraft - by nooba
2025-10-13 20:06:10,503 - mcc_i18n - INFO - on_world_selected:366 - 已选择世界: D:/PCL2/.minecraft/versions/1.21.9-原版生存整合/saves/100X Minecraft - by nooba
2025-10-13 20:06:10,505 - mcc_i18n - INFO - proceed_to_scan:273 - 选择世界完成: D:/PCL2/.minecraft/versions/1.21.9-原版生存整合/saves/100X Minecraft - by nooba
2025-10-13 20:06:30,869 - mcc_i18n - INFO - apply_theme:334 - 主题已切换为: dark_teal.xml
2025-10-13 20:06:36,102 - mcc_i18n - INFO - apply_theme:334 - 主题已切换为: light_teal.xml
2025-10-13 20:06:38,185 - mcc_i18n - INFO - closeEvent:446 - 应用程序关闭
2025-10-13 20:18:09,288 - mcc_i18n - INFO - setup_logger:102 - 日志系统初始化完成
2025-10-13 20:18:09,288 - mcc_i18n - INFO - main:43 - 应用程序启动 - Application started
2025-10-13 20:18:10,062 - mcc_i18n - INFO - apply_theme:334 - 主题已切换为: light_teal.xml
2025-10-13 20:18:10,063 - mcc_i18n - INFO - __init__:58 - 主窗口初始化完成
2025-10-13 20:18:30,901 - mcc_i18n - INFO - apply_settings:546 - 设置已应用
2025-10-13 20:18:31,101 - mcc_i18n - INFO - apply_theme:334 - 主题已切换为: light_teal.xml
2025-10-13 20:18:31,101 - mcc_i18n - INFO - on_settings_changed:443 - 设置已更新
2025-10-13 20:18:31,652 - mcc_i18n - INFO - save_settings:526 - 设置已保存
2025-10-13 20:18:31,822 - mcc_i18n - INFO - apply_theme:334 - 主题已切换为: light_teal.xml
2025-10-13 20:18:31,824 - mcc_i18n - INFO - on_settings_changed:443 - 设置已更新
2025-10-13 20:18:41,389 - mcc_i18n - INFO - closeEvent:449 - 应用程序关闭
2025-10-13 20:19:04,751 - mcc_i18n - INFO - setup_logger:102 - 日志系统初始化完成
2025-10-13 20:19:04,752 - mcc_i18n - INFO - main:43 - 应用程序启动 - Application started
2025-10-13 20:19:05,430 - mcc_i18n - INFO - apply_theme:334 - 主题已切换为: light_teal.xml
2025-10-13 20:19:05,431 - mcc_i18n - INFO - __init__:58 - 主窗口初始化完成
2025-10-13 20:19:18,131 - mcc_i18n - INFO - on_world_selected:366 - 已选择世界: D:/PCL2/.minecraft/versions/1.21.9-原版生存整合/saves/100X Minecraft - by nooba
2025-10-13 20:19:18,132 - mcc_i18n - INFO - set_world_path:244 - 设置扫描世界路径: D:/PCL2/.minecraft/versions/1.21.9-原版生存整合/saves/100X Minecraft - by nooba
2025-10-13 20:19:18,133 - mcc_i18n - INFO - proceed_to_scan:273 - 选择世界完成: D:/PCL2/.minecraft/versions/1.21.9-原版生存整合/saves/100X Minecraft - by nooba
2025-10-13 20:19:21,133 - mcc_i18n - INFO - on_scan_started:375 - 开始扫描文本...
2025-10-13 20:19:21,135 - mcc_i18n - INFO - start_scan:279 - 开始扫描世界文本
2025-10-13 20:19:21,138 - mcc_i18n - INFO - run:63 - 开始扫描，总计 2325 个文件
2025-10-13 20:19:57,737 - mcc_i18n - INFO - run:80 - 扫描完成，找到 53057 条文本
2025-10-13 20:19:57,900 - mcc_i18n - INFO - on_scan_finished:315 - 扫描完成，找到 53057 条文本，其中 4141 条唯一
2025-10-13 20:19:58,180 - mcc_i18n - INFO - on_scan_finished:379 - 扫描完成，找到 53057 条文本
2025-10-13 20:23:26,882 - mcc_i18n - INFO - setup_logger:102 - 日志系统初始化完成
2025-10-13 20:23:26,883 - mcc_i18n - INFO - main:43 - 应用程序启动 - Application started
2025-10-13 20:23:27,764 - mcc_i18n - INFO - apply_theme:334 - 主题已切换为: light_teal.xml
2025-10-13 20:23:27,765 - mcc_i18n - INFO - __init__:58 - 主窗口初始化完成
2025-10-13 20:23:45,012 - mcc_i18n - INFO - on_world_selected:366 - 已选择世界: D:/PCL2/.minecraft/versions/1.21.9-原版生存整合/saves/100X Minecraft - by nooba
2025-10-13 20:23:45,014 - mcc_i18n - INFO - set_world_path:244 - 设置扫描世界路径: D:/PCL2/.minecraft/versions/1.21.9-原版生存整合/saves/100X Minecraft - by nooba
2025-10-13 20:23:45,015 - mcc_i18n - INFO - proceed_to_scan:273 - 选择世界完成: D:/PCL2/.minecraft/versions/1.21.9-原版生存整合/saves/100X Minecraft - by nooba
2025-10-13 20:23:50,042 - mcc_i18n - INFO - on_scan_started:375 - 开始扫描文本...
2025-10-13 20:23:50,043 - mcc_i18n - INFO - start_scan:279 - 开始扫描世界文本
2025-10-13 20:23:50,047 - mcc_i18n - INFO - run:63 - 开始扫描，总计 2325 个文件
2025-10-13 20:24:42,332 - mcc_i18n - INFO - run:80 - 扫描完成，找到 53057 条文本
2025-10-13 20:24:42,914 - mcc_i18n - INFO - on_scan_finished:315 - 扫描完成，找到 53057 条文本，其中 4141 条唯一
2025-10-13 20:24:44,225 - mcc_i18n - INFO - on_scan_finished:379 - 扫描完成，找到 53057 条文本
2025-10-13 20:24:46,365 - mcc_i18n - INFO - load_scan_results:216 - 加载了 4141 条待翻译文本
2025-10-13 20:31:02,557 - mcc_i18n - INFO - proceed_to_translation:329 - 进入翻译页面
2025-10-13 20:31:29,244 - mcc_i18n - INFO - closeEvent:449 - 应用程序关闭
2025-10-13 20:36:17,717 - mcc_i18n - INFO - setup_logger:102 - 日志系统初始化完成
2025-10-13 20:36:17,718 - mcc_i18n - INFO - main:43 - 应用程序启动 - Application started
2025-10-13 20:36:18,331 - mcc_i18n - INFO - apply_theme:335 - 主题已切换为: light_teal.xml
2025-10-13 20:36:18,331 - mcc_i18n - INFO - __init__:58 - 主窗口初始化完成
2025-10-13 20:36:33,506 - mcc_i18n - INFO - on_world_selected:367 - 已选择世界: D:/PCL2/.minecraft/versions/1.21.9-原版生存整合/saves/100X Minecraft - by nooba
2025-10-13 20:36:33,509 - mcc_i18n - INFO - set_world_path:244 - 设置扫描世界路径: D:/PCL2/.minecraft/versions/1.21.9-原版生存整合/saves/100X Minecraft - by nooba
2025-10-13 20:36:33,509 - mcc_i18n - INFO - proceed_to_scan:273 - 选择世界完成: D:/PCL2/.minecraft/versions/1.21.9-原版生存整合/saves/100X Minecraft - by nooba
2025-10-13 20:36:42,033 - mcc_i18n - INFO - on_scan_started:376 - 开始扫描文本...
2025-10-13 20:36:42,034 - mcc_i18n - INFO - start_scan:279 - 开始扫描世界文本
2025-10-13 20:36:42,037 - mcc_i18n - INFO - run:63 - 开始扫描，总计 2325 个文件
2025-10-13 20:37:34,549 - mcc_i18n - INFO - run:80 - 扫描完成，找到 53057 条文本
2025-10-13 20:37:35,102 - mcc_i18n - INFO - on_scan_finished:315 - 扫描完成，找到 53057 条文本，其中 4141 条唯一
2025-10-13 20:37:36,161 - mcc_i18n - INFO - on_scan_finished:380 - 扫描完成，找到 53057 条文本
2025-10-13 20:37:37,819 - mcc_i18n - INFO - load_scan_results:216 - 加载了 4141 条待翻译文本
2025-10-13 20:39:03,599 - mcc_i18n - INFO - proceed_to_translation:329 - 进入翻译页面
2025-10-13 20:39:04,566 - mcc_i18n - INFO - proceed_to_translation:329 - 进入翻译页面
2025-10-13 20:39:04,790 - mcc_i18n - INFO - proceed_to_translation:329 - 进入翻译页面
2025-10-13 20:39:08,590 - mcc_i18n - INFO - closeEvent:450 - 应用程序关闭
2025-10-13 20:42:53,148 - mcc_i18n - INFO - setup_logger:102 - 日志系统初始化完成
2025-10-13 20:42:53,148 - mcc_i18n - INFO - main:43 - 应用程序启动 - Application started
2025-10-13 20:42:53,951 - mcc_i18n - INFO - apply_theme:339 - 主题已切换为: light_teal.xml
2025-10-13 20:42:53,952 - mcc_i18n - INFO - __init__:58 - 主窗口初始化完成
2025-10-13 20:43:07,707 - mcc_i18n - INFO - on_world_selected:371 - 已选择世界: D:/PCL2/.minecraft/versions/1.21.9-原版生存整合/saves/100X Minecraft - by nooba
2025-10-13 20:43:07,709 - mcc_i18n - INFO - set_world_path:244 - 设置扫描世界路径: D:/PCL2/.minecraft/versions/1.21.9-原版生存整合/saves/100X Minecraft - by nooba
2025-10-13 20:43:07,710 - mcc_i18n - INFO - proceed_to_scan:273 - 选择世界完成: D:/PCL2/.minecraft/versions/1.21.9-原版生存整合/saves/100X Minecraft - by nooba
2025-10-13 20:43:19,309 - mcc_i18n - INFO - on_scan_started:380 - 开始扫描文本...
2025-10-13 20:43:19,309 - mcc_i18n - INFO - start_scan:279 - 开始扫描世界文本
2025-10-13 20:43:19,313 - mcc_i18n - INFO - run:63 - 开始扫描，总计 2325 个文件
2025-10-13 20:43:55,639 - mcc_i18n - INFO - run:80 - 扫描完成，找到 53057 条文本
2025-10-13 20:43:55,802 - mcc_i18n - INFO - on_scan_finished:315 - 扫描完成，找到 53057 条文本，其中 4141 条唯一
2025-10-13 20:43:56,079 - mcc_i18n - INFO - on_scan_finished:384 - 扫描完成，找到 53057 条文本
2025-10-13 20:43:56,603 - mcc_i18n - INFO - load_scan_results:216 - 加载了 4141 条待翻译文本
2025-10-13 20:58:16,079 - mcc_i18n - INFO - proceed_to_translation:329 - 进入翻译页面
2025-10-13 20:58:17,189 - mcc_i18n - INFO - proceed_to_translation:329 - 进入翻译页面
2025-10-13 20:58:17,387 - mcc_i18n - INFO - proceed_to_translation:329 - 进入翻译页面
2025-10-13 20:58:17,619 - mcc_i18n - INFO - proceed_to_translation:329 - 进入翻译页面
2025-10-13 20:58:18,318 - mcc_i18n - INFO - proceed_to_translation:329 - 进入翻译页面
2025-10-13 20:58:18,547 - mcc_i18n - INFO - proceed_to_translation:329 - 进入翻译页面
2025-10-13 20:58:18,755 - mcc_i18n - INFO - proceed_to_translation:329 - 进入翻译页面
2025-10-13 20:58:18,975 - mcc_i18n - INFO - proceed_to_translation:329 - 进入翻译页面
2025-10-13 20:58:22,179 - mcc_i18n - INFO - apply_theme:339 - 主题已切换为: dark_teal.xml
2025-10-13 20:58:22,959 - mcc_i18n - INFO - apply_theme:339 - 主题已切换为: light_teal.xml
2025-10-13 20:58:48,633 - mcc_i18n - INFO - closeEvent:454 - 应用程序关闭
2025-10-13 21:10:19,815 - mcc_i18n - INFO - setup_logger:102 - 日志系统初始化完成
2025-10-13 21:10:19,816 - mcc_i18n - INFO - main:43 - 应用程序启动 - Application started
2025-10-13 21:10:20,571 - mcc_i18n - INFO - apply_theme:344 - 主题已切换为: light_teal.xml
2025-10-13 21:10:20,571 - mcc_i18n - INFO - __init__:58 - 主窗口初始化完成
2025-10-13 21:10:33,880 - mcc_i18n - INFO - on_world_selected:376 - 已选择世界: D:/PCL2/.minecraft/versions/1.21.9-原版生存整合/saves/100X Minecraft - by nooba
2025-10-13 21:10:33,882 - mcc_i18n - INFO - set_world_path:244 - 设置扫描世界路径: D:/PCL2/.minecraft/versions/1.21.9-原版生存整合/saves/100X Minecraft - by nooba
2025-10-13 21:10:33,883 - mcc_i18n - INFO - proceed_to_scan:273 - 选择世界完成: D:/PCL2/.minecraft/versions/1.21.9-原版生存整合/saves/100X Minecraft - by nooba
2025-10-13 21:10:47,709 - mcc_i18n - INFO - on_world_selected:376 - 已选择世界: D:/PCL2/.minecraft/versions/1.21.9-原版生存整合/saves/100X Minecraft - by nooba
2025-10-13 21:10:47,712 - mcc_i18n - INFO - set_world_path:244 - 设置扫描世界路径: D:/PCL2/.minecraft/versions/1.21.9-原版生存整合/saves/100X Minecraft - by nooba
2025-10-13 21:10:47,712 - mcc_i18n - INFO - proceed_to_scan:273 - 选择世界完成: D:/PCL2/.minecraft/versions/1.21.9-原版生存整合/saves/100X Minecraft - by nooba
2025-10-13 21:10:49,455 - mcc_i18n - INFO - on_world_selected:376 - 已选择世界: D:/PCL2/.minecraft/versions/1.21.9-原版生存整合/saves/100X Minecraft - by nooba
2025-10-13 21:10:49,457 - mcc_i18n - INFO - set_world_path:244 - 设置扫描世界路径: D:/PCL2/.minecraft/versions/1.21.9-原版生存整合/saves/100X Minecraft - by nooba
2025-10-13 21:10:49,459 - mcc_i18n - INFO - proceed_to_scan:273 - 选择世界完成: D:/PCL2/.minecraft/versions/1.21.9-原版生存整合/saves/100X Minecraft - by nooba
2025-10-13 21:10:49,676 - mcc_i18n - INFO - on_world_selected:376 - 已选择世界: D:/PCL2/.minecraft/versions/1.21.9-原版生存整合/saves/100X Minecraft - by nooba
2025-10-13 21:10:49,678 - mcc_i18n - INFO - set_world_path:244 - 设置扫描世界路径: D:/PCL2/.minecraft/versions/1.21.9-原版生存整合/saves/100X Minecraft - by nooba
2025-10-13 21:10:49,679 - mcc_i18n - INFO - proceed_to_scan:273 - 选择世界完成: D:/PCL2/.minecraft/versions/1.21.9-原版生存整合/saves/100X Minecraft - by nooba
2025-10-13 21:10:49,882 - mcc_i18n - INFO - on_world_selected:376 - 已选择世界: D:/PCL2/.minecraft/versions/1.21.9-原版生存整合/saves/100X Minecraft - by nooba
2025-10-13 21:10:49,884 - mcc_i18n - INFO - set_world_path:244 - 设置扫描世界路径: D:/PCL2/.minecraft/versions/1.21.9-原版生存整合/saves/100X Minecraft - by nooba
2025-10-13 21:10:49,885 - mcc_i18n - INFO - proceed_to_scan:273 - 选择世界完成: D:/PCL2/.minecraft/versions/1.21.9-原版生存整合/saves/100X Minecraft - by nooba
2025-10-13 21:10:50,056 - mcc_i18n - INFO - on_world_selected:376 - 已选择世界: D:/PCL2/.minecraft/versions/1.21.9-原版生存整合/saves/100X Minecraft - by nooba
2025-10-13 21:10:50,058 - mcc_i18n - INFO - set_world_path:244 - 设置扫描世界路径: D:/PCL2/.minecraft/versions/1.21.9-原版生存整合/saves/100X Minecraft - by nooba
2025-10-13 21:10:50,059 - mcc_i18n - INFO - proceed_to_scan:273 - 选择世界完成: D:/PCL2/.minecraft/versions/1.21.9-原版生存整合/saves/100X Minecraft - by nooba
2025-10-13 21:10:50,213 - mcc_i18n - INFO - on_world_selected:376 - 已选择世界: D:/PCL2/.minecraft/versions/1.21.9-原版生存整合/saves/100X Minecraft - by nooba
2025-10-13 21:10:50,215 - mcc_i18n - INFO - set_world_path:244 - 设置扫描世界路径: D:/PCL2/.minecraft/versions/1.21.9-原版生存整合/saves/100X Minecraft - by nooba
2025-10-13 21:10:50,215 - mcc_i18n - INFO - proceed_to_scan:273 - 选择世界完成: D:/PCL2/.minecraft/versions/1.21.9-原版生存整合/saves/100X Minecraft - by nooba
2025-10-13 21:10:56,609 - mcc_i18n - INFO - on_world_selected:376 - 已选择世界: D:/PCL2/.minecraft/versions/1.21.9-原版生存整合/saves/100X Minecraft - by nooba
2025-10-13 21:10:56,611 - mcc_i18n - INFO - set_world_path:244 - 设置扫描世界路径: D:/PCL2/.minecraft/versions/1.21.9-原版生存整合/saves/100X Minecraft - by nooba
2025-10-13 21:10:56,612 - mcc_i18n - INFO - proceed_to_scan:273 - 选择世界完成: D:/PCL2/.minecraft/versions/1.21.9-原版生存整合/saves/100X Minecraft - by nooba
2025-10-13 21:10:58,005 - mcc_i18n - INFO - on_world_selected:376 - 已选择世界: D:/PCL2/.minecraft/versions/1.21.9-原版生存整合/saves/100X Minecraft - by nooba
2025-10-13 21:10:58,007 - mcc_i18n - INFO - set_world_path:244 - 设置扫描世界路径: D:/PCL2/.minecraft/versions/1.21.9-原版生存整合/saves/100X Minecraft - by nooba
2025-10-13 21:10:58,008 - mcc_i18n - INFO - proceed_to_scan:273 - 选择世界完成: D:/PCL2/.minecraft/versions/1.21.9-原版生存整合/saves/100X Minecraft - by nooba
2025-10-13 21:11:00,384 - mcc_i18n - INFO - closeEvent:459 - 应用程序关闭
2025-10-13 21:16:57,811 - mcc_i18n - INFO - setup_logger:102 - 日志系统初始化完成
2025-10-13 21:16:57,811 - mcc_i18n - INFO - main:43 - 应用程序启动 - Application started
2025-10-13 21:16:58,439 - mcc_i18n - INFO - apply_theme:350 - 主题已切换为: light_teal.xml
2025-10-13 21:16:58,439 - mcc_i18n - INFO - __init__:59 - 主窗口初始化完成
2025-10-13 21:17:15,217 - mcc_i18n - INFO - on_world_selected:382 - 已选择世界: D:/PCL2/.minecraft/versions/1.21.9-原版生存整合/saves/100X Minecraft - by nooba
2025-10-13 21:17:15,220 - mcc_i18n - INFO - set_world_path:245 - 设置扫描世界路径: D:/PCL2/.minecraft/versions/1.21.9-原版生存整合/saves/100X Minecraft - by nooba
2025-10-13 21:17:15,221 - mcc_i18n - INFO - proceed_to_scan:273 - 选择世界完成: D:/PCL2/.minecraft/versions/1.21.9-原版生存整合/saves/100X Minecraft - by nooba
2025-10-13 21:17:23,508 - mcc_i18n - INFO - closeEvent:465 - 应用程序关闭
2025-10-13 21:18:39,009 - mcc_i18n - INFO - setup_logger:102 - 日志系统初始化完成
2025-10-13 21:18:39,010 - mcc_i18n - INFO - main:43 - 应用程序启动 - Application started
2025-10-13 21:18:39,652 - mcc_i18n - INFO - apply_theme:350 - 主题已切换为: light_teal.xml
2025-10-13 21:18:39,652 - mcc_i18n - INFO - __init__:59 - 主窗口初始化完成
2025-10-13 21:18:49,815 - mcc_i18n - INFO - on_world_selected:382 - 已选择世界: D:/PCL2/.minecraft/versions/1.21.9-原版生存整合/saves/100X Minecraft - by nooba
2025-10-13 21:18:49,817 - mcc_i18n - INFO - set_world_path:245 - 设置扫描世界路径: D:/PCL2/.minecraft/versions/1.21.9-原版生存整合/saves/100X Minecraft - by nooba
2025-10-13 21:18:49,818 - mcc_i18n - INFO - proceed_to_scan:273 - 选择世界完成: D:/PCL2/.minecraft/versions/1.21.9-原版生存整合/saves/100X Minecraft - by nooba
2025-10-13 21:18:51,658 - mcc_i18n - INFO - closeEvent:465 - 应用程序关闭
2025-10-13 21:37:47,406 - mcc_i18n - INFO - setup_logger:102 - 日志系统初始化完成
2025-10-13 21:37:47,407 - mcc_i18n - INFO - main:43 - 应用程序启动 - Application started
2025-10-13 21:37:48,306 - mcc_i18n - INFO - apply_theme:353 - 主题已切换为: light_teal.xml
2025-10-13 21:37:48,306 - mcc_i18n - INFO - __init__:59 - 主窗口初始化完成
2025-10-13 21:37:59,521 - mcc_i18n - INFO - on_world_selected:385 - 已选择世界: D:/PCL2/.minecraft/versions/1.21.9-原版生存整合/saves/100X Minecraft - by nooba
2025-10-13 21:37:59,524 - mcc_i18n - INFO - set_world_path:245 - 设置扫描世界路径: D:/PCL2/.minecraft/versions/1.21.9-原版生存整合/saves/100X Minecraft - by nooba
2025-10-13 21:37:59,524 - mcc_i18n - INFO - proceed_to_scan:273 - 选择世界完成: D:/PCL2/.minecraft/versions/1.21.9-原版生存整合/saves/100X Minecraft - by nooba
2025-10-13 21:38:01,144 - mcc_i18n - INFO - closeEvent:468 - 应用程序关闭
2025-10-13 21:42:20,513 - mcc_i18n - INFO - setup_logger:102 - 日志系统初始化完成
2025-10-13 21:42:20,513 - mcc_i18n - INFO - main:43 - 应用程序启动 - Application started
2025-10-13 21:42:21,199 - mcc_i18n - INFO - apply_theme:356 - 主题已切换为: light_teal.xml
2025-10-13 21:42:21,200 - mcc_i18n - INFO - __init__:59 - 主窗口初始化完成
2025-10-13 21:42:29,883 - mcc_i18n - INFO - on_world_selected:388 - 已选择世界: D:/PCL2/.minecraft/versions/1.21.9-原版生存整合/saves/100X Minecraft - by nooba
2025-10-13 21:42:29,885 - mcc_i18n - INFO - on_world_selected:392 - 启用导航栏的扫描页面按钮
2025-10-13 21:42:29,885 - mcc_i18n - INFO - set_world_path:245 - 设置扫描世界路径: D:/PCL2/.minecraft/versions/1.21.9-原版生存整合/saves/100X Minecraft - by nooba
2025-10-13 21:42:29,886 - mcc_i18n - INFO - on_world_selected:396 - 已设置扫描页面的世界路径
2025-10-13 21:42:29,886 - mcc_i18n - INFO - proceed_to_scan:273 - 选择世界完成: D:/PCL2/.minecraft/versions/1.21.9-原版生存整合/saves/100X Minecraft - by nooba
2025-10-13 21:42:32,740 - mcc_i18n - INFO - closeEvent:474 - 应用程序关闭
2025-10-13 22:15:03,714 - mcc_i18n - INFO - setup_logger:102 - 日志系统初始化完成
2025-10-13 22:15:03,715 - mcc_i18n - INFO - main:43 - 应用程序启动 - Application started
2025-10-13 22:15:04,565 - mcc_i18n - INFO - apply_theme:345 - 主题已切换为: light_teal.xml
2025-10-13 22:15:04,565 - mcc_i18n - INFO - __init__:59 - 主窗口初始化完成
2025-10-13 22:15:15,224 - mcc_i18n - INFO - on_world_selected:377 - 已选择世界: D:/PCL2/.minecraft/versions/1.21.9-原版生存整合/saves/100X Minecraft - by nooba
2025-10-13 22:15:15,226 - mcc_i18n - INFO - on_world_selected:381 - 启用导航栏的扫描页面按钮
2025-10-13 22:15:15,227 - mcc_i18n - INFO - set_world_path:245 - 设置扫描世界路径: D:/PCL2/.minecraft/versions/1.21.9-原版生存整合/saves/100X Minecraft - by nooba
2025-10-13 22:15:15,228 - mcc_i18n - INFO - on_world_selected:385 - 已设置扫描页面的世界路径
2025-10-13 22:15:15,228 - mcc_i18n - INFO - proceed_to_scan:273 - 选择世界完成: D:/PCL2/.minecraft/versions/1.21.9-原版生存整合/saves/100X Minecraft - by nooba
2025-10-13 22:15:17,265 - mcc_i18n - INFO - closeEvent:463 - 应用程序关闭
2025-10-13 22:22:04,275 - mcc_i18n - INFO - setup_logger:102 - 日志系统初始化完成
2025-10-13 22:22:04,276 - mcc_i18n - INFO - main:43 - 应用程序启动 - Application started
2025-10-13 22:22:04,909 - mcc_i18n - INFO - apply_theme:348 - 主题已切换为: light_teal.xml
2025-10-13 22:22:04,909 - mcc_i18n - INFO - __init__:59 - 主窗口初始化完成
2025-10-13 22:22:17,723 - mcc_i18n - INFO - on_world_selected:380 - 已选择世界: D:/PCL2/.minecraft/versions/1.21.9-原版生存整合/saves/100X Minecraft - by nooba
2025-10-13 22:22:17,725 - mcc_i18n - INFO - on_world_selected:384 - 启用导航栏的扫描页面按钮
2025-10-13 22:22:17,726 - mcc_i18n - INFO - set_world_path:245 - 设置扫描世界路径: D:/PCL2/.minecraft/versions/1.21.9-原版生存整合/saves/100X Minecraft - by nooba
2025-10-13 22:22:17,726 - mcc_i18n - INFO - on_world_selected:388 - 已设置扫描页面的世界路径
2025-10-13 22:22:17,726 - mcc_i18n - INFO - proceed_to_scan:273 - 选择世界完成: D:/PCL2/.minecraft/versions/1.21.9-原版生存整合/saves/100X Minecraft - by nooba
2025-10-13 22:22:19,809 - mcc_i18n - INFO - closeEvent:466 - 应用程序关闭
2025-10-13 22:24:03,135 - mcc_i18n - INFO - setup_logger:102 - 日志系统初始化完成
2025-10-13 22:24:03,135 - mcc_i18n - INFO - main:43 - 应用程序启动 - Application started
2025-10-13 22:24:03,752 - mcc_i18n - INFO - apply_theme:344 - 主题已切换为: light_teal.xml
2025-10-13 22:24:03,753 - mcc_i18n - INFO - __init__:59 - 主窗口初始化完成
2025-10-13 22:24:12,849 - mcc_i18n - INFO - on_world_selected:376 - 已选择世界: D:/PCL2/.minecraft/versions/1.21.9-原版生存整合/saves/100X Minecraft - by nooba
2025-10-13 22:24:12,852 - mcc_i18n - INFO - on_world_selected:380 - 启用导航栏的扫描页面按钮
2025-10-13 22:24:12,852 - mcc_i18n - INFO - set_world_path:245 - 设置扫描世界路径: D:/PCL2/.minecraft/versions/1.21.9-原版生存整合/saves/100X Minecraft - by nooba
2025-10-13 22:24:12,853 - mcc_i18n - INFO - on_world_selected:384 - 已设置扫描页面的世界路径
2025-10-13 22:24:12,853 - mcc_i18n - INFO - proceed_to_scan:273 - 选择世界完成: D:/PCL2/.minecraft/versions/1.21.9-原版生存整合/saves/100X Minecraft - by nooba
2025-10-13 22:24:15,226 - mcc_i18n - INFO - closeEvent:462 - 应用程序关闭
2025-10-13 22:25:58,675 - mcc_i18n - INFO - setup_logger:102 - 日志系统初始化完成
2025-10-13 22:25:58,675 - mcc_i18n - INFO - main:43 - 应用程序启动 - Application started
2025-10-13 22:25:59,284 - mcc_i18n - INFO - apply_theme:348 - 主题已切换为: light_teal.xml
2025-10-13 22:25:59,284 - mcc_i18n - INFO - __init__:59 - 主窗口初始化完成
2025-10-13 22:26:11,668 - mcc_i18n - INFO - on_world_selected:380 - 已选择世界: D:/PCL2/.minecraft/versions/1.21.9-原版生存整合/saves/100X Minecraft - by nooba
2025-10-13 22:26:11,674 - mcc_i18n - INFO - on_world_selected:384 - 启用导航栏的扫描页面按钮
2025-10-13 22:26:11,675 - mcc_i18n - INFO - set_world_path:248 - 设置扫描世界路径: D:/PCL2/.minecraft/versions/1.21.9-原版生存整合/saves/100X Minecraft - by nooba
2025-10-13 22:26:11,675 - mcc_i18n - INFO - on_world_selected:388 - 已设置扫描页面的世界路径
2025-10-13 22:26:11,676 - mcc_i18n - INFO - proceed_to_scan:273 - 选择世界完成: D:/PCL2/.minecraft/versions/1.21.9-原版生存整合/saves/100X Minecraft - by nooba
2025-10-13 22:26:13,585 - mcc_i18n - INFO - closeEvent:466 - 应用程序关闭
2025-10-13 22:27:54,253 - mcc_i18n - INFO - setup_logger:102 - 日志系统初始化完成
2025-10-13 22:27:54,254 - mcc_i18n - INFO - main:43 - 应用程序启动 - Application started
2025-10-13 22:27:54,839 - mcc_i18n - INFO - apply_theme:348 - 主题已切换为: light_teal.xml
2025-10-13 22:27:54,840 - mcc_i18n - INFO - __init__:59 - 主窗口初始化完成
2025-10-13 22:27:58,848 - mcc_i18n - INFO - closeEvent:466 - 应用程序关闭
2025-10-13 22:30:24,476 - mcc_i18n - INFO - setup_logger:102 - 日志系统初始化完成
2025-10-13 22:30:24,477 - mcc_i18n - INFO - main:43 - 应用程序启动 - Application started
2025-10-13 22:35:53,100 - mcc_i18n - INFO - setup_logger:102 - 日志系统初始化完成
2025-10-13 22:35:53,100 - mcc_i18n - INFO - main:43 - 应用程序启动 - Application started
2025-10-13 22:35:55,423 - mcc_i18n - INFO - apply_theme:348 - 主题已切换为: light_teal.xml
2025-10-13 22:35:55,423 - mcc_i18n - INFO - __init__:59 - 主窗口初始化完成
2025-10-13 22:35:57,430 - mcc_i18n - INFO - closeEvent:466 - 应用程序关闭
2025-10-13 22:36:47,025 - mcc_i18n - INFO - setup_logger:102 - 日志系统初始化完成
2025-10-13 22:36:47,025 - mcc_i18n - INFO - main:43 - 应用程序启动 - Application started
2025-10-13 22:36:52,090 - mcc_i18n - INFO - apply_theme:348 - 主题已切换为: light_teal.xml
2025-10-13 22:36:52,090 - mcc_i18n - INFO - __init__:59 - 主窗口初始化完成
2025-10-13 22:36:54,007 - mcc_i18n - INFO - closeEvent:466 - 应用程序关闭
2025-10-13 22:37:42,398 - mcc_i18n - INFO - setup_logger:102 - 日志系统初始化完成
2025-10-13 22:37:42,398 - mcc_i18n - INFO - main:43 - 应用程序启动 - Application started
2025-10-13 22:37:45,181 - mcc_i18n - INFO - apply_theme:348 - 主题已切换为: light_teal.xml
2025-10-13 22:37:45,181 - mcc_i18n - INFO - __init__:59 - 主窗口初始化完成
2025-10-13 22:37:47,113 - mcc_i18n - INFO - closeEvent:466 - 应用程序关闭
2025-10-13 22:38:56,669 - mcc_i18n - INFO - setup_logger:102 - 日志系统初始化完成
2025-10-13 22:38:56,669 - mcc_i18n - INFO - main:43 - 应用程序启动 - Application started
2025-10-13 22:38:58,831 - mcc_i18n - INFO - apply_theme:348 - 主题已切换为: light_teal.xml
2025-10-13 22:38:58,831 - mcc_i18n - INFO - __init__:59 - 主窗口初始化完成
2025-10-13 22:39:11,241 - mcc_i18n - INFO - on_world_selected:380 - 已选择世界: D:/PCL2/.minecraft/versions/1.21.9-原版生存整合/saves/100X Minecraft - by nooba
2025-10-13 22:39:11,244 - mcc_i18n - INFO - on_world_selected:384 - 启用导航栏的扫描页面按钮
2025-10-13 22:39:11,245 - mcc_i18n - INFO - set_world_path:257 - 设置扫描世界路径: D:/PCL2/.minecraft/versions/1.21.9-原版生存整合/saves/100X Minecraft - by nooba
2025-10-13 22:39:11,246 - mcc_i18n - INFO - on_world_selected:388 - 已设置扫描页面的世界路径
2025-10-13 22:39:11,246 - mcc_i18n - INFO - proceed_to_scan:273 - 选择世界完成: D:/PCL2/.minecraft/versions/1.21.9-原版生存整合/saves/100X Minecraft - by nooba
2025-10-13 22:39:14,768 - mcc_i18n - INFO - closeEvent:466 - 应用程序关闭
2025-10-13 22:39:57,708 - mcc_i18n - INFO - setup_logger:102 - 日志系统初始化完成
2025-10-13 22:39:57,708 - mcc_i18n - INFO - main:43 - 应用程序启动 - Application started
2025-10-13 22:40:01,175 - mcc_i18n - INFO - apply_theme:348 - 主题已切换为: light_teal.xml
2025-10-13 22:40:01,176 - mcc_i18n - INFO - __init__:59 - 主窗口初始化完成
2025-10-13 22:40:11,378 - mcc_i18n - INFO - on_world_selected:380 - 已选择世界: D:/PCL2/.minecraft/versions/1.21.9-原版生存整合/saves/100X Minecraft - by nooba
2025-10-13 22:40:11,379 - mcc_i18n - INFO - on_world_selected:384 - 启用导航栏的扫描页面按钮
2025-10-13 22:40:11,379 - mcc_i18n - INFO - set_world_path:252 - 设置扫描世界路径: D:/PCL2/.minecraft/versions/1.21.9-原版生存整合/saves/100X Minecraft - by nooba
2025-10-13 22:40:11,380 - mcc_i18n - INFO - on_world_selected:388 - 已设置扫描页面的世界路径
2025-10-13 22:40:11,380 - mcc_i18n - INFO - proceed_to_scan:273 - 选择世界完成: D:/PCL2/.minecraft/versions/1.21.9-原版生存整合/saves/100X Minecraft - by nooba
2025-10-13 22:40:13,138 - mcc_i18n - INFO - closeEvent:466 - 应用程序关闭
2025-10-13 23:06:11,288 - mcc_i18n - INFO - setup_logger:102 - 日志系统初始化完成
2025-10-13 23:06:11,343 - mcc_i18n - INFO - main:43 - 应用程序启动 - Application started
2025-10-13 23:06:14,077 - mcc_i18n - INFO - apply_theme:348 - 主题已切换为: light_teal.xml
2025-10-13 23:06:14,079 - mcc_i18n - INFO - __init__:59 - 主窗口初始化完成
2025-10-13 23:06:44,198 - mcc_i18n - INFO - on_world_selected:380 - 已选择世界: D:/PCL2/.minecraft/versions/1.21.9-原版生存整合/saves/100X Minecraft - by nooba
2025-10-13 23:06:44,223 - mcc_i18n - INFO - on_world_selected:384 - 启用导航栏的扫描页面按钮
2025-10-13 23:06:44,224 - mcc_i18n - INFO - set_world_path:252 - 设置扫描世界路径: D:/PCL2/.minecraft/versions/1.21.9-原版生存整合/saves/100X Minecraft - by nooba
2025-10-13 23:06:44,226 - mcc_i18n - INFO - on_world_selected:388 - 已设置扫描页面的世界路径
2025-10-13 23:06:44,226 - mcc_i18n - INFO - proceed_to_scan:273 - 选择世界完成: D:/PCL2/.minecraft/versions/1.21.9-原版生存整合/saves/100X Minecraft - by nooba
2025-10-13 23:06:46,969 - mcc_i18n - INFO - closeEvent:466 - 应用程序关闭
2025-10-13 23:08:30,791 - mcc_i18n - INFO - setup_logger:102 - 日志系统初始化完成
2025-10-13 23:08:30,793 - mcc_i18n - INFO - main:43 - 应用程序启动 - Application started
2025-10-13 23:08:32,713 - mcc_i18n - INFO - apply_theme:344 - 主题已切换为: light_teal.xml
2025-10-13 23:08:32,714 - mcc_i18n - INFO - __init__:59 - 主窗口初始化完成
2025-10-13 23:08:43,720 - mcc_i18n - INFO - on_world_selected:376 - 已选择世界: D:/PCL2/.minecraft/versions/1.21.9-原版生存整合/saves/100X Minecraft - by nooba
2025-10-13 23:08:43,722 - mcc_i18n - INFO - on_world_selected:380 - 启用导航栏的扫描页面按钮
2025-10-13 23:08:43,723 - mcc_i18n - INFO - set_world_path:252 - 设置扫描世界路径: D:/PCL2/.minecraft/versions/1.21.9-原版生存整合/saves/100X Minecraft - by nooba
2025-10-13 23:08:43,724 - mcc_i18n - INFO - on_world_selected:384 - 已设置扫描页面的世界路径
2025-10-13 23:08:43,725 - mcc_i18n - INFO - proceed_to_scan:273 - 选择世界完成: D:/PCL2/.minecraft/versions/1.21.9-原版生存整合/saves/100X Minecraft - by nooba
2025-10-13 23:08:46,192 - mcc_i18n - INFO - closeEvent:462 - 应用程序关闭
2025-10-13 23:11:31,028 - mcc_i18n - INFO - setup_logger:102 - 日志系统初始化完成
2025-10-13 23:11:31,029 - mcc_i18n - INFO - main:43 - 应用程序启动 - Application started
2025-10-13 23:11:34,402 - mcc_i18n - INFO - apply_theme:344 - 主题已切换为: light_teal.xml
2025-10-13 23:11:34,402 - mcc_i18n - INFO - __init__:59 - 主窗口初始化完成
2025-10-13 23:11:35,982 - mcc_i18n - INFO - closeEvent:462 - 应用程序关闭
2025-10-13 23:15:15,829 - mcc_i18n - INFO - setup_logger:102 - 日志系统初始化完成
2025-10-13 23:15:15,829 - mcc_i18n - INFO - main:43 - 应用程序启动 - Application started
2025-10-13 23:16:36,831 - mcc_i18n - INFO - setup_logger:102 - 日志系统初始化完成
2025-10-13 23:16:36,831 - mcc_i18n - INFO - main:43 - 应用程序启动 - Application started
2025-10-13 23:16:37,582 - mcc_i18n - INFO - apply_theme:344 - 主题已切换为: light_teal.xml
2025-10-13 23:16:37,583 - mcc_i18n - INFO - __init__:59 - 主窗口初始化完成
2025-10-13 23:16:46,991 - mcc_i18n - INFO - closeEvent:462 - 应用程序关闭
2025-10-13 23:19:55,975 - mcc_i18n - INFO - setup_logger:102 - 日志系统初始化完成
2025-10-13 23:19:55,975 - mcc_i18n - INFO - main:43 - 应用程序启动 - Application started
2025-10-13 23:19:56,707 - mcc_i18n - INFO - apply_theme:344 - 主题已切换为: light_teal.xml
2025-10-13 23:19:56,707 - mcc_i18n - INFO - __init__:59 - 主窗口初始化完成
2025-10-13 23:20:08,715 - mcc_i18n - INFO - on_world_selected:376 - 已选择世界: D:/PCL2/.minecraft/versions/1.21.9-原版生存整合/saves/100X Minecraft - by nooba
2025-10-13 23:20:08,718 - mcc_i18n - INFO - on_world_selected:381 - 启用导航栏的扫描页面按钮
2025-10-13 23:20:08,718 - mcc_i18n - INFO - set_world_path:250 - 设置扫描世界路径: D:/PCL2/.minecraft/versions/1.21.9-原版生存整合/saves/100X Minecraft - by nooba
2025-10-13 23:20:08,719 - mcc_i18n - INFO - on_world_selected:385 - 已设置扫描页面的世界路径
2025-10-13 23:20:08,719 - mcc_i18n - INFO - proceed_to_scan:274 - 选择世界完成: D:/PCL2/.minecraft/versions/1.21.9-原版生存整合/saves/100X Minecraft - by nooba
2025-10-13 23:20:19,025 - mcc_i18n - INFO - closeEvent:463 - 应用程序关闭
2025-10-13 23:22:20,512 - mcc_i18n - INFO - setup_logger:102 - 日志系统初始化完成
2025-10-13 23:22:20,512 - mcc_i18n - INFO - main:43 - 应用程序启动 - Application started
2025-10-13 23:22:21,222 - mcc_i18n - INFO - apply_theme:344 - 主题已切换为: light_teal.xml
2025-10-13 23:22:21,222 - mcc_i18n - INFO - __init__:59 - 主窗口初始化完成
2025-10-13 23:22:26,963 - mcc_i18n - INFO - closeEvent:459 - 应用程序关闭
2025-10-13 23:22:39,573 - mcc_i18n - INFO - setup_logger:102 - 日志系统初始化完成
2025-10-13 23:22:39,573 - mcc_i18n - INFO - main:43 - 应用程序启动 - Application started
2025-10-13 23:22:40,303 - mcc_i18n - INFO - apply_theme:344 - 主题已切换为: light_teal.xml
2025-10-13 23:22:40,303 - mcc_i18n - INFO - __init__:59 - 主窗口初始化完成
2025-10-13 23:22:55,258 - mcc_i18n - INFO - on_world_selected:376 - 已选择世界: D:/PCL2/.minecraft/versions/1.21.9-原版生存整合/saves/100X Minecraft - by nooba
2025-10-13 23:22:55,261 - mcc_i18n - INFO - set_world_path:249 - 设置扫描世界路径: D:/PCL2/.minecraft/versions/1.21.9-原版生存整合/saves/100X Minecraft - by nooba
2025-10-13 23:22:55,262 - mcc_i18n - INFO - proceed_to_scan:273 - 选择世界完成: D:/PCL2/.minecraft/versions/1.21.9-原版生存整合/saves/100X Minecraft - by nooba
2025-10-13 23:23:00,993 - mcc_i18n - INFO - on_scan_started:385 - 开始扫描文本...
2025-10-13 23:23:00,993 - mcc_i18n - INFO - start_scan:284 - 开始扫描世界文本
2025-10-13 23:23:01,000 - mcc_i18n - INFO - run:63 - 开始扫描，总计 2325 个文件
2025-10-13 23:23:22,985 - mcc_i18n - INFO - run:80 - 扫描完成，找到 53057 条文本
2025-10-13 23:23:23,245 - mcc_i18n - INFO - on_scan_finished:320 - 扫描完成，找到 53057 条文本，其中 4141 条唯一
2025-10-13 23:23:23,551 - mcc_i18n - INFO - on_scan_finished:389 - 扫描完成，找到 53057 条文本
2025-10-13 23:23:24,124 - mcc_i18n - INFO - load_scan_results:216 - 加载了 4141 条待翻译文本
2025-10-13 23:23:43,827 - mcc_i18n - INFO - closeEvent:459 - 应用程序关闭
2025-10-13 23:27:23,052 - mcc_i18n - INFO - setup_logger:102 - 日志系统初始化完成
2025-10-13 23:27:23,052 - mcc_i18n - INFO - main:43 - 应用程序启动 - Application started
2025-10-13 23:27:23,823 - mcc_i18n - INFO - apply_theme:355 - 主题已切换为: light_teal.xml
2025-10-13 23:27:23,824 - mcc_i18n - INFO - __init__:59 - 主窗口初始化完成
2025-10-13 23:27:38,999 - mcc_i18n - INFO - on_world_selected:387 - 已选择世界: D:/PCL2/.minecraft/versions/1.21.9-原版生存整合/saves/100X Minecraft - by nooba
2025-10-13 23:27:39,002 - mcc_i18n - INFO - set_world_path:249 - 设置扫描世界路径: D:/PCL2/.minecraft/versions/1.21.9-原版生存整合/saves/100X Minecraft - by nooba
2025-10-13 23:27:39,003 - mcc_i18n - INFO - proceed_to_scan:273 - 选择世界完成: D:/PCL2/.minecraft/versions/1.21.9-原版生存整合/saves/100X Minecraft - by nooba
2025-10-13 23:27:40,855 - mcc_i18n - INFO - on_scan_started:396 - 开始扫描文本...
2025-10-13 23:27:40,855 - mcc_i18n - INFO - start_scan:284 - 开始扫描世界文本
2025-10-13 23:27:40,860 - mcc_i18n - INFO - run:63 - 开始扫描，总计 2325 个文件
2025-10-13 23:28:03,112 - mcc_i18n - INFO - run:80 - 扫描完成，找到 53057 条文本
2025-10-13 23:28:03,283 - mcc_i18n - INFO - on_scan_finished:320 - 扫描完成，找到 53057 条文本，其中 4141 条唯一
2025-10-13 23:28:03,600 - mcc_i18n - INFO - on_scan_finished:400 - 扫描完成，找到 53057 条文本
2025-10-13 23:28:04,269 - mcc_i18n - INFO - load_scan_results:216 - 加载了 4141 条待翻译文本
2025-10-13 23:28:59,858 - mcc_i18n - INFO - apply_settings:546 - 设置已应用
2025-10-13 23:29:00,142 - mcc_i18n - INFO - apply_theme:355 - 主题已切换为: light_teal.xml
2025-10-13 23:29:00,142 - mcc_i18n - INFO - on_settings_changed:464 - 设置已更新
2025-10-13 23:29:01,114 - mcc_i18n - INFO - apply_settings:546 - 设置已应用
2025-10-13 23:29:01,359 - mcc_i18n - INFO - apply_theme:355 - 主题已切换为: light_teal.xml
2025-10-13 23:29:01,359 - mcc_i18n - INFO - on_settings_changed:464 - 设置已更新
2025-10-13 23:29:02,206 - mcc_i18n - INFO - save_settings:526 - 设置已保存
2025-10-13 23:29:02,532 - mcc_i18n - INFO - apply_theme:355 - 主题已切换为: light_teal.xml
2025-10-13 23:29:02,532 - mcc_i18n - INFO - on_settings_changed:464 - 设置已更新
2025-10-13 23:29:07,906 - mcc_i18n - INFO - apply_settings:546 - 设置已应用
2025-10-13 23:29:08,196 - mcc_i18n - INFO - apply_theme:355 - 主题已切换为: light_teal.xml
2025-10-13 23:29:08,196 - mcc_i18n - INFO - on_settings_changed:464 - 设置已更新
2025-10-13 23:29:08,709 - mcc_i18n - INFO - save_settings:526 - 设置已保存
2025-10-13 23:29:09,003 - mcc_i18n - INFO - apply_theme:355 - 主题已切换为: light_teal.xml
2025-10-13 23:29:09,003 - mcc_i18n - INFO - on_settings_changed:464 - 设置已更新
2025-10-13 23:29:48,654 - mcc_i18n - INFO - closeEvent:470 - 应用程序关闭
2025-10-14 00:07:42,264 - mcc_i18n - INFO - setup_logger:102 - 日志系统初始化完成
2025-10-14 00:07:42,264 - mcc_i18n - INFO - main:43 - 应用程序启动 - Application started
2025-10-14 00:07:43,096 - mcc_i18n - INFO - apply_theme:354 - 主题已切换为: light_teal.xml
2025-10-14 00:07:43,097 - mcc_i18n - INFO - __init__:59 - 主窗口初始化完成
2025-10-14 00:07:51,234 - mcc_i18n - INFO - closeEvent:469 - 应用程序关闭
2025-10-14 00:22:58,211 - mcc_i18n - INFO - setup_logger:102 - 日志系统初始化完成
2025-10-14 00:22:58,211 - mcc_i18n - INFO - main:43 - 应用程序启动 - Application started
2025-10-14 00:22:59,009 - mcc_i18n - INFO - apply_theme:354 - 主题已切换为: light_teal.xml
2025-10-14 00:22:59,010 - mcc_i18n - INFO - __init__:59 - 主窗口初始化完成
2025-10-14 00:23:05,708 - mcc_i18n - ERROR - show_settings:455 - 显示设置对话框失败: 'Config' object has no attribute 'icon'
2025-10-14 00:23:11,725 - mcc_i18n - INFO - closeEvent:469 - 应用程序关闭
2025-10-14 00:25:04,937 - mcc_i18n - INFO - setup_logger:102 - 日志系统初始化完成
2025-10-14 00:25:04,938 - mcc_i18n - INFO - main:43 - 应用程序启动 - Application started
2025-10-14 00:25:05,564 - mcc_i18n - INFO - apply_theme:354 - 主题已切换为: light_teal.xml
2025-10-14 00:25:05,564 - mcc_i18n - INFO - __init__:59 - 主窗口初始化完成
2025-10-14 00:25:07,308 - mcc_i18n - ERROR - show_settings:455 - 显示设置对话框失败: 'SettingsDialog' object has no attribute 'settings_icon_path'
2025-10-14 00:25:15,728 - mcc_i18n - INFO - closeEvent:469 - 应用程序关闭
2025-10-14 00:27:01,218 - mcc_i18n - INFO - setup_logger:102 - 日志系统初始化完成
2025-10-14 00:27:01,219 - mcc_i18n - INFO - main:43 - 应用程序启动 - Application started
2025-10-14 00:27:01,941 - mcc_i18n - INFO - apply_theme:354 - 主题已切换为: light_teal.xml
2025-10-14 00:27:01,967 - mcc_i18n - INFO - __init__:59 - 主窗口初始化完成
2025-10-14 00:27:11,372 - mcc_i18n - INFO - closeEvent:469 - 应用程序关闭
2025-10-14 00:31:26,420 - mcc_i18n - INFO - setup_logger:102 - 日志系统初始化完成
2025-10-14 00:31:26,420 - mcc_i18n - INFO - main:43 - 应用程序启动 - Application started
2025-10-14 00:31:27,453 - mcc_i18n - INFO - apply_theme:354 - 主题已切换为: light_teal.xml
2025-10-14 00:31:27,454 - mcc_i18n - INFO - __init__:59 - 主窗口初始化完成
2025-10-14 00:31:48,995 - mcc_i18n - INFO - closeEvent:469 - 应用程序关闭
2026-05-17 22:03:11,026 - mcc_i18n - INFO - setup_logger:102 - 日志系统初始化完成
2026-05-17 22:03:11,026 - mcc_i18n - INFO - main:43 - 应用程序启动 - Application started
2026-05-17 22:03:12,041 - mcc_i18n - INFO - apply_theme:354 - 主题已切换为: light_teal.xml
2026-05-17 22:03:12,042 - mcc_i18n - INFO - __init__:59 - 主窗口初始化完成
2026-05-17 22:03:17,180 - mcc_i18n - INFO - apply_theme:354 - 主题已切换为: dark_teal.xml
2026-05-17 22:03:17,945 - mcc_i18n - INFO - apply_theme:354 - 主题已切换为: light_teal.xml
2026-05-17 22:03:18,502 - mcc_i18n - INFO - apply_theme:354 - 主题已切换为: dark_teal.xml
2026-05-17 22:03:19,701 - mcc_i18n - INFO - closeEvent:469 - 应用程序关闭
2026-05-17 22:12:25,472 - mcc_i18n - INFO - setup_logger:102 - 日志系统初始化完成
2026-05-17 22:12:25,472 - mcc_i18n - INFO - main:43 - 应用程序启动 - Application started
2026-05-17 22:12:26,399 - mcc_i18n - INFO - apply_theme:354 - 主题已切换为: light_teal.xml
2026-05-17 22:12:26,399 - mcc_i18n - INFO - __init__:59 - 主窗口初始化完成
2026-05-17 22:13:49,188 - mcc_i18n - INFO - save_settings:528 - 设置已保存
2026-05-17 22:13:49,327 - mcc_i18n - INFO - apply_theme:354 - 主题已切换为: light_teal.xml
2026-05-17 22:13:49,328 - mcc_i18n - INFO - on_settings_changed:463 - 设置已更新
2026-05-17 22:13:54,360 - mcc_i18n - INFO - save_settings:528 - 设置已保存
2026-05-17 22:13:54,482 - mcc_i18n - INFO - apply_theme:354 - 主题已切换为: light_teal.xml
2026-05-17 22:13:54,483 - mcc_i18n - INFO - on_settings_changed:463 - 设置已更新
2026-05-17 22:13:59,742 - mcc_i18n - INFO - save_settings:528 - 设置已保存
2026-05-17 22:13:59,871 - mcc_i18n - INFO - apply_theme:354 - 主题已切换为: light_teal.xml
2026-05-17 22:13:59,872 - mcc_i18n - INFO - on_settings_changed:463 - 设置已更新
2026-05-17 22:14:09,623 - mcc_i18n - INFO - apply_settings:548 - 设置已应用
2026-05-17 22:14:09,756 - mcc_i18n - INFO - apply_theme:354 - 主题已切换为: light_teal.xml
2026-05-17 22:14:09,756 - mcc_i18n - INFO - on_settings_changed:463 - 设置已更新
2026-05-17 22:14:11,894 - mcc_i18n - INFO - save_settings:528 - 设置已保存
2026-05-17 22:14:12,015 - mcc_i18n - INFO - apply_theme:354 - 主题已切换为: light_teal.xml
2026-05-17 22:14:12,016 - mcc_i18n - INFO - on_settings_changed:463 - 设置已更新
2026-05-17 22:14:17,566 - mcc_i18n - INFO - apply_theme:354 - 主题已切换为: dark_teal.xml
2026-05-17 22:14:19,596 - mcc_i18n - INFO - apply_theme:354 - 主题已切换为: light_teal.xml
2026-05-17 22:14:22,409 - mcc_i18n - INFO - closeEvent:469 - 应用程序关闭
2026-05-17 22:14:45,473 - mcc_i18n - INFO - setup_logger:102 - 日志系统初始化完成
2026-05-17 22:14:45,474 - mcc_i18n - INFO - main:43 - 应用程序启动 - Application started
2026-05-17 22:14:46,277 - mcc_i18n - INFO - apply_theme:354 - 主题已切换为: light_teal.xml
2026-05-17 22:14:46,278 - mcc_i18n - INFO - __init__:59 - 主窗口初始化完成
2026-05-17 22:15:24,134 - mcc_i18n - INFO - on_world_selected:386 - 已选择世界: D:/xiaoyun/Project/Gravity 1.1.3/Gravity
2026-05-17 22:15:24,137 - mcc_i18n - INFO - set_world_path:249 - 设置扫描世界路径: D:/xiaoyun/Project/Gravity 1.1.3/Gravity
2026-05-17 22:15:24,138 - mcc_i18n - INFO - proceed_to_scan:273 - 选择世界完成: D:/xiaoyun/Project/Gravity 1.1.3/Gravity
2026-05-17 22:15:27,027 - mcc_i18n - INFO - on_scan_started:395 - 开始扫描文本...
2026-05-17 22:15:27,027 - mcc_i18n - INFO - start_scan:284 - 开始扫描世界文本
2026-05-17 22:15:27,028 - mcc_i18n - INFO - run:63 - 开始扫描，总计 16 个文件
2026-05-17 22:15:27,086 - mcc_i18n - INFO - run:80 - 扫描完成，找到 15 条文本
2026-05-17 22:15:27,090 - mcc_i18n - INFO - on_scan_finished:320 - 扫描完成，找到 15 条文本，其中 5 条唯一
2026-05-17 22:15:27,090 - mcc_i18n - INFO - on_scan_finished:399 - 扫描完成，找到 15 条文本
2026-05-17 22:15:27,091 - mcc_i18n - INFO - load_scan_results:216 - 加载了 5 条待翻译文本
2026-05-17 22:15:30,830 - mcc_i18n - INFO - on_scan_started:395 - 开始扫描文本...
2026-05-17 22:15:30,831 - mcc_i18n - INFO - start_scan:284 - 开始扫描世界文本
2026-05-17 22:15:30,833 - mcc_i18n - INFO - run:63 - 开始扫描，总计 16 个文件
2026-05-17 22:15:30,887 - mcc_i18n - INFO - run:80 - 扫描完成，找到 34 条文本
2026-05-17 22:15:30,890 - mcc_i18n - INFO - on_scan_finished:320 - 扫描完成，找到 34 条文本，其中 17 条唯一
2026-05-17 22:15:30,890 - mcc_i18n - INFO - on_scan_finished:399 - 扫描完成，找到 34 条文本
2026-05-17 22:15:30,891 - mcc_i18n - INFO - load_scan_results:216 - 加载了 17 条待翻译文本
2026-05-17 22:15:55,467 - mcc_i18n - INFO - closeEvent:469 - 应用程序关闭
2026-05-17 22:19:06,338 - mcc_i18n - INFO - setup_logger:102 - 日志系统初始化完成
2026-05-17 22:19:06,339 - mcc_i18n - INFO - main:43 - 应用程序启动 - Application started
2026-05-17 22:19:07,188 - mcc_i18n - INFO - apply_theme:354 - 主题已切换为: light_teal.xml
2026-05-17 22:19:07,189 - mcc_i18n - INFO - __init__:59 - 主窗口初始化完成
2026-05-17 22:19:26,736 - mcc_i18n - INFO - on_world_selected:386 - 已选择世界: D:/xiaoyun/Project/Gravity 1.1.3/Gravity
2026-05-17 22:19:26,739 - mcc_i18n - INFO - set_world_path:249 - 设置扫描世界路径: D:/xiaoyun/Project/Gravity 1.1.3/Gravity
2026-05-17 22:19:26,739 - mcc_i18n - INFO - proceed_to_scan:273 - 选择世界完成: D:/xiaoyun/Project/Gravity 1.1.3/Gravity
2026-05-17 22:19:29,957 - mcc_i18n - INFO - on_scan_started:395 - 开始扫描文本...
2026-05-17 22:19:29,957 - mcc_i18n - INFO - start_scan:284 - 开始扫描世界文本
2026-05-17 22:19:29,958 - mcc_i18n - INFO - run:63 - 开始扫描，总计 16 个文件
2026-05-17 22:19:30,006 - mcc_i18n - INFO - run:80 - 扫描完成，找到 34 条文本
2026-05-17 22:19:30,007 - mcc_i18n - INFO - on_scan_finished:320 - 扫描完成，找到 34 条文本，其中 17 条唯一
2026-05-17 22:19:30,007 - mcc_i18n - INFO - on_scan_finished:399 - 扫描完成，找到 34 条文本
2026-05-17 22:19:30,008 - mcc_i18n - INFO - load_scan_results:216 - 加载了 17 条待翻译文本
2026-05-17 22:19:59,218 - mcc_i18n - INFO - __init__:884 - 使用模拟翻译器
2026-05-17 22:19:59,218 - mcc_i18n - WARNING - __init__:42 - Google翻译不可用，使用模拟翻译器
2026-05-17 22:19:59,222 - mcc_i18n - INFO - auto_translate:332 - 开始自动翻译 17 条文本
2026-05-17 22:19:59,222 - mcc_i18n - INFO - run:50 - 开始翻译 17 条文本
2026-05-17 22:20:19,510 - mcc_i18n - INFO - run:84 - 翻译完成，成功翻译 17 条文本
2026-05-17 22:20:19,515 - mcc_i18n - INFO - on_translation_finished:358 - 自动翻译完成，共翻译 17 条文本
2026-05-17 22:20:19,515 - mcc_i18n - INFO - on_translation_requested:405 - 请求翻译 17 条文本
2026-05-17 22:21:31,829 - mcc_i18n - INFO - closeEvent:469 - 应用程序关闭
2026-05-17 22:27:24,811 - mcc_i18n - INFO - setup_logger:102 - 日志系统初始化完成
2026-05-17 22:27:24,811 - mcc_i18n - INFO - main:43 - 应用程序启动 - Application started
2026-05-17 22:27:25,768 - mcc_i18n - INFO - apply_theme:357 - 主题已切换为: light_teal.xml
2026-05-17 22:27:25,768 - mcc_i18n - INFO - __init__:59 - 主窗口初始化完成
2026-05-17 22:27:47,195 - mcc_i18n - INFO - on_world_selected:391 - 已选择世界: D:/xiaoyun/Project/Gravity 1.1.3/Gravity
2026-05-17 22:27:47,198 - mcc_i18n - INFO - set_world_path:268 - 设置扫描世界路径: D:/xiaoyun/Project/Gravity 1.1.3/Gravity
2026-05-17 22:27:47,198 - mcc_i18n - INFO - proceed_to_scan:273 - 选择世界完成: D:/xiaoyun/Project/Gravity 1.1.3/Gravity
2026-05-17 22:27:49,062 - mcc_i18n - INFO - on_scan_started:400 - 开始扫描文本...
2026-05-17 22:27:49,062 - mcc_i18n - INFO - start_scan:304 - 开始扫描世界文本
2026-05-17 22:27:49,066 - mcc_i18n - INFO - run:63 - 开始扫描，总计 16 个文件
2026-05-17 22:27:49,116 - mcc_i18n - INFO - run:80 - 扫描完成，找到 34 条文本
2026-05-17 22:27:49,118 - mcc_i18n - INFO - on_scan_finished:341 - 扫描完成，找到 34 条文本，其中 17 条唯一
2026-05-17 22:27:49,118 - mcc_i18n - INFO - on_scan_finished:404 - 扫描完成，找到 34 条文本
2026-05-17 22:27:49,119 - mcc_i18n - INFO - load_scan_results:233 - 加载了 17 条待翻译文本
2026-05-17 22:28:01,554 - mcc_i18n - INFO - closeEvent:508 - 应用程序关闭
